Assuming unrestricted shared filesystem usage.
host: DTU-G7JF799XDG
Migrating .snakemake folder to new format...
Migration complete
Building DAG of jobs...
Using shell: /bin/bash
Provided cores: 4
Rules claiming more threads will be scaled down.
Job stats:
job              count
-------------  -------
build_network        1
solve_network        1
plot_results         1
all                  1
total                4

Select jobs to execute...
Execute 1 jobs...
[Tue Apr 14 17:43:57 2026]
localrule build_network:
    input: resources/tech_costs.pkl, resources/inputs_2023.pkl
    output: resources/B_H_RE_H2_MEOH_METH_SN_ST_CO2_100_tD_H2_50_MeOH_4_CH4_300_2023_El_0.1_DET_all_DK_dmd_stoch_PRE.nc, resources/B_H_RE_H2_MEOH_METH_SN_ST_CO2_100_tD_H2_50_MeOH_4_CH4_300_2023_El_0.1_DET_all_DK_dmd_stoch_comp_alloc.pkl
    log: logs/build_network_B_H_RE_H2_MEOH_METH_SN_ST_CO2_100_tD_H2_50_MeOH_4_CH4_300_2023_El_0.1_DET_all_DK_dmd_stoch.log
    jobid: 3
    reason: Missing output files: resources/B_H_RE_H2_MEOH_METH_SN_ST_CO2_100_tD_H2_50_MeOH_4_CH4_300_2023_El_0.1_DET_all_DK_dmd_stoch_comp_alloc.pkl, resources/B_H_RE_H2_MEOH_METH_SN_ST_CO2_100_tD_H2_50_MeOH_4_CH4_300_2023_El_0.1_DET_all_DK_dmd_stoch_PRE.nc
    wildcards: network=B_H_RE_H2_MEOH_METH_SN_ST_CO2_100_tD_H2_50_MeOH_4_CH4_300_2023_El_0.1_DET_all_DK_dmd_stoch
    resources: tmpdir=/var/folders/h1/7n48qbp150gc98q69g6l72vr0000gp/T
[Tue Apr 14 17:44:09 2026]
Finished jobid: 3 (Rule: build_network)
1 of 4 steps (25%) done
Select jobs to execute...
Execute 1 jobs...
[Tue Apr 14 17:44:09 2026]
localrule solve_network:
    input: resources/B_H_RE_H2_MEOH_METH_SN_ST_CO2_100_tD_H2_50_MeOH_4_CH4_300_2023_El_0.1_DET_all_DK_dmd_stoch_PRE.nc, resources/tech_costs.pkl, resources/B_H_RE_H2_MEOH_METH_SN_ST_CO2_100_tD_H2_50_MeOH_4_CH4_300_2023_El_0.1_DET_all_DK_dmd_stoch_comp_alloc.pkl
    output: outputs/single_analysis/B_H_RE_H2_MEOH_METH_SN_ST_CO2_100_tD_H2_50_MeOH_4_CH4_300_2023_El_0.1_DET_all_DK_dmd_stoch/networks/B_H_RE_H2_MEOH_METH_SN_ST_CO2_100_tD_H2_50_MeOH_4_CH4_300_2023_El_0.1_DET_all_DK_dmd_stoch_OPT.nc
    log: logs/solve_B_H_RE_H2_MEOH_METH_SN_ST_CO2_100_tD_H2_50_MeOH_4_CH4_300_2023_El_0.1_DET_all_DK_dmd_stoch.log
    jobid: 2
    reason: Missing output files: outputs/single_analysis/B_H_RE_H2_MEOH_METH_SN_ST_CO2_100_tD_H2_50_MeOH_4_CH4_300_2023_El_0.1_DET_all_DK_dmd_stoch/networks/B_H_RE_H2_MEOH_METH_SN_ST_CO2_100_tD_H2_50_MeOH_4_CH4_300_2023_El_0.1_DET_all_DK_dmd_stoch_OPT.nc; Input files updated by another job: resources/B_H_RE_H2_MEOH_METH_SN_ST_CO2_100_tD_H2_50_MeOH_4_CH4_300_2023_El_0.1_DET_all_DK_dmd_stoch_comp_alloc.pkl, resources/B_H_RE_H2_MEOH_METH_SN_ST_CO2_100_tD_H2_50_MeOH_4_CH4_300_2023_El_0.1_DET_all_DK_dmd_stoch_PRE.nc
    wildcards: network=B_H_RE_H2_MEOH_METH_SN_ST_CO2_100_tD_H2_50_MeOH_4_CH4_300_2023_El_0.1_DET_all_DK_dmd_stoch
    resources: tmpdir=/var/folders/h1/7n48qbp150gc98q69g6l72vr0000gp/T
RuleException:
CalledProcessError in file "/Users/albal/Library/CloudStorage/OneDrive-DanmarksTekniskeUniversitet/01_DTU_research/01_Projects/02_greenbubble/GLS_greenbubble/rules/solve.smk", line 19:
Command 'set -euo pipefail;  /opt/anaconda3/envs/greenbubble-pypsa107/bin/python3.11 /Users/albal/Library/CloudStorage/OneDrive-DanmarksTekniskeUniversitet/01_DTU_research/01_Projects/02_greenbubble/GLS_greenbubble/.snakemake/scripts/tmpdz9o_xxf.snakemake_solve.py' returned non-zero exit status 1.
[Tue Apr 14 17:44:12 2026]
Error in rule solve_network:
    message: None
    jobid: 2
    input: resources/B_H_RE_H2_MEOH_METH_SN_ST_CO2_100_tD_H2_50_MeOH_4_CH4_300_2023_El_0.1_DET_all_DK_dmd_stoch_PRE.nc, resources/tech_costs.pkl, resources/B_H_RE_H2_MEOH_METH_SN_ST_CO2_100_tD_H2_50_MeOH_4_CH4_300_2023_El_0.1_DET_all_DK_dmd_stoch_comp_alloc.pkl
    output: outputs/single_analysis/B_H_RE_H2_MEOH_METH_SN_ST_CO2_100_tD_H2_50_MeOH_4_CH4_300_2023_El_0.1_DET_all_DK_dmd_stoch/networks/B_H_RE_H2_MEOH_METH_SN_ST_CO2_100_tD_H2_50_MeOH_4_CH4_300_2023_El_0.1_DET_all_DK_dmd_stoch_OPT.nc
    log: logs/solve_B_H_RE_H2_MEOH_METH_SN_ST_CO2_100_tD_H2_50_MeOH_4_CH4_300_2023_El_0.1_DET_all_DK_dmd_stoch.log (check log file(s) for error details)
Shutting down, this might take some time.
Exiting because a job execution failed. Look below for error messages
[Tue Apr 14 17:44:12 2026]
Error in rule solve_network:
    message: None
    jobid: 2
    input: resources/B_H_RE_H2_MEOH_METH_SN_ST_CO2_100_tD_H2_50_MeOH_4_CH4_300_2023_El_0.1_DET_all_DK_dmd_stoch_PRE.nc, resources/tech_costs.pkl, resources/B_H_RE_H2_MEOH_METH_SN_ST_CO2_100_tD_H2_50_MeOH_4_CH4_300_2023_El_0.1_DET_all_DK_dmd_stoch_comp_alloc.pkl
    output: outputs/single_analysis/B_H_RE_H2_MEOH_METH_SN_ST_CO2_100_tD_H2_50_MeOH_4_CH4_300_2023_El_0.1_DET_all_DK_dmd_stoch/networks/B_H_RE_H2_MEOH_METH_SN_ST_CO2_100_tD_H2_50_MeOH_4_CH4_300_2023_El_0.1_DET_all_DK_dmd_stoch_OPT.nc
    log: logs/solve_B_H_RE_H2_MEOH_METH_SN_ST_CO2_100_tD_H2_50_MeOH_4_CH4_300_2023_El_0.1_DET_all_DK_dmd_stoch.log (check log file(s) for error details)
Complete log(s): /Users/albal/Library/CloudStorage/OneDrive-DanmarksTekniskeUniversitet/01_DTU_research/01_Projects/02_greenbubble/GLS_greenbubble/.snakemake/log/2026-04-14T174356.854950.snakemake.log
WorkflowError:
At least one job did not complete successfully.
